<?xml version="1.0" encoding="UTF-8"?>
<testng-results ignored="0" total="1" passed="1" failed="0" skipped="0">
  <reporter-output>
  </reporter-output>
  <suite started-at="2024-07-04T10:45:47 IST" name="Default suite" finished-at="2024-07-04T10:46:07 IST" duration-ms="20183">
    <groups>
    </groups>
    <test started-at="2024-07-04T10:45:47 IST" name="Default test" finished-at="2024-07-04T10:46:07 IST" duration-ms="20183">
      <class name="test_suite.mousehover">
        <test-method is-config="true" signature="visit()[pri:0, instance:test_suite.mousehover@5f049ea1]" started-at="2024-07-04T10:45:47 IST" name="visit" finished-at="2024-07-04T10:45:57 IST" duration-ms="9881" status="PASS">
          <reporter-output>
          </reporter-output>
        </test-method> <!-- visit -->
        <test-method signature="hover()[pri:0, instance:test_suite.mousehover@5f049ea1]" started-at="2024-07-04T10:45:57 IST" name="hover" finished-at="2024-07-04T10:46:07 IST" duration-ms="10238" status="PASS">
          <reporter-output>
          </reporter-output>
        </test-method> <!-- hover -->
      </class> <!-- test_suite.mousehover -->
    </test> <!-- Default test -->
  </suite> <!-- Default suite -->
</testng-results>
